<?xml version="1.0" encoding="UTF-8"?>
<!-- Generated by org.testng.reporters.JUnitReportReporter -->
<testsuite skipped="0" hostname="DESKTOP-AB8JJVQ" name="com.LoginTest" tests="2" failures="0" timestamp="2021-10-03T21:07:15 IST" time="13.071" errors="0">
  <testcase name="LoginTestWithValidCredentials" time="9.293" classname="com.LoginTest"/>
  <system-out/>
  <testcase name="LoginTestWithInvalidCredentials" time="3.778" classname="com.LoginTest"/>
  <system-out/>
</testsuite> <!-- com.LoginTest -->
